<?xml version="1.0" encoding="UTF-8"?>
<testng-results ignored="0" total="2" passed="2" failed="0" skipped="0">
  <reporter-output>
  </reporter-output>
  <suite started-at="2023-04-28T08:38:03 IST" name="Suite" finished-at="2023-04-28T08:40:23 IST" duration-ms="140306">
    <groups>
    </groups>
    <test started-at="2023-04-28T08:38:03 IST" name="Test" finished-at="2023-04-28T08:40:23 IST" duration-ms="140306">
      <class name="testCases.TC_001_AccountRegistrationTest">
        <test-method is-config="true" signature="setup(java.lang.String)[pri:0, instance:testCases.TC_001_AccountRegistrationTest@7d20d0b]" started-at="2023-04-28T08:38:03 IST" name="setup" finished-at="2023-04-28T08:39:01 IST" duration-ms="58065" status="PASS">
          <params>
            <param index="0">
              <value>
                <![CDATA[chrome]]>
              </value>
            </param>
          </params>
          <reporter-output>
          </reporter-output>
        </test-method> <!-- setup -->
        <test-method signature="test_account_Registration()[pri:0, instance:testCases.TC_001_AccountRegistrationTest@7d20d0b]" started-at="2023-04-28T08:39:02 IST" name="test_account_Registration" finished-at="2023-04-28T08:39:30 IST" duration-ms="28707" status="PASS">
          <reporter-output>
          </reporter-output>
        </test-method> <!-- test_account_Registration -->
        <test-method is-config="true" signature="tearDown()[pri:0, instance:testCases.TC_001_AccountRegistrationTest@7d20d0b]" started-at="2023-04-28T08:39:30 IST" name="tearDown" finished-at="2023-04-28T08:39:39 IST" duration-ms="8120" status="PASS">
          <reporter-output>
          </reporter-output>
        </test-method> <!-- tearDown -->
      </class> <!-- testCases.TC_001_AccountRegistrationTest -->
      <class name="testCases.TC_002_LoginTest">
        <test-method is-config="true" signature="setup(java.lang.String)[pri:0, instance:testCases.TC_002_LoginTest@37ceb1df]" started-at="2023-04-28T08:39:39 IST" name="setup" finished-at="2023-04-28T08:40:11 IST" duration-ms="32326" status="PASS">
          <params>
            <param index="0">
              <value>
                <![CDATA[chrome]]>
              </value>
            </param>
          </params>
          <reporter-output>
          </reporter-output>
        </test-method> <!-- setup -->
        <test-method signature="test_Login()[pri:0, instance:testCases.TC_002_LoginTest@37ceb1df]" started-at="2023-04-28T08:40:11 IST" name="test_Login" finished-at="2023-04-28T08:40:18 IST" duration-ms="7238" status="PASS">
          <reporter-output>
          </reporter-output>
        </test-method> <!-- test_Login -->
        <test-method is-config="true" signature="tearDown()[pri:0, instance:testCases.TC_002_LoginTest@37ceb1df]" started-at="2023-04-28T08:40:18 IST" name="tearDown" finished-at="2023-04-28T08:40:23 IST" duration-ms="4887" status="PASS">
          <reporter-output>
          </reporter-output>
        </test-method> <!-- tearDown -->
      </class> <!-- testCases.TC_002_LoginTest -->
    </test> <!-- Test -->
  </suite> <!-- Suite -->
</testng-results>
